#
# There is insufficient memory for the Java Runtime Environment to continue.
# Native memory allocation (malloc) failed to allocate 749296 bytes for Chunk::new
# Possible reasons:
#   The system is out of physical RAM or swap space
#   The process is running with CompressedOops enabled, and the Java Heap may be blocking the growth of the native heap
# Possible solutions:
#   Reduce memory load on the system
#   Increase physical memory or swap space
#   Check if swap backing store is full
#   Decrease Java heap size (-Xmx/-Xms)
#   Decrease number of Java threads
#   Decrease Java thread stack sizes (-Xss)
#   Set larger code cache with -XX:ReservedCodeCacheSize=
#   JVM is running with Zero Based Compressed Oops mode in which the Java heap is
#     placed in the first 32GB address space. The Java Heap base address is the
#     maximum limit for the native heap growth. Please use -XX:HeapBaseMinAddress
#     to set the Java Heap base and to place the Java Heap above 32GB virtual address.
# This output file may be truncated or incomplete.
#
#  Out of Memory Error (arena.cpp:191), pid=8736, tid=12036
#
# JRE version: OpenJDK Runtime Environment Corretto-17.0.9.8.1 (17.0.9+8) (build 17.0.9+8-LTS)
# Java VM: OpenJDK 64-Bit Server VM Corretto-17.0.9.8.1 (17.0.9+8-LTS, mixed mode, sharing, tiered, compressed oops, compressed class ptrs, g1 gc, windows-amd64)
# No core dump will be written. Minidumps are not enabled by default on client versions of Windows
#

---------------  S U M M A R Y ------------

Command Line: -ea -Didea.test.cyclic.buffer.size=1048576 -javaagent:C:\Program Files\JetBrains\IntelliJ IDEA 2023.2.5\lib\idea_rt.jar=51029:C:\Program Files\JetBrains\IntelliJ IDEA 2023.2.5\bin -Dfile.encoding=UTF-8 com.intellij.rt.junit.JUnitStarter -ideVersion5 -junit5 com.alexpozdnyakov.spring.rest.controller.MyRestControllerTest,deleteEmployees

Host: Intel(R) Core(TM) i7-4500U CPU @ 1.80GHz, 4 cores, 11G,  Windows 10 , 64 bit Build 19041 (10.0.19041.1)
Time: Tue Jan 16 09:01:43 2024 RTZ 3 (s 10 , 64 bit Build 19041 (10.0.19041.1) elapsed time: 3.691167 seconds (0d 0h 0m 3s)

---------------  T H R E A D  ---------------

Current thread (0x000001ae6e7acaf0):  JavaThread "C2 CompilerThread0" daemon [_thread_in_native, id=12036, stack(0x0000001dc8d00000,0x0000001dc8e00000)]


Current CompileTask:
C2:   3691 2128       4       java.lang.invoke.MethodType::makeImpl (109 bytes)

Stack: [0x0000001dc8d00000,0x0000001dc8e00000]
Native frames: (J=compiled Java code, j=interpreted, Vv=VM code, C=native code)
V  [jvm.dll+0x67cb49]
V  [jvm.dll+0x8344da]
V  [jvm.dll+0x835f9e]
V  [jvm.dll+0x836603]
V  [jvm.dll+0x247b5f]
V  [jvm.dll+0xac43c]
V  [jvm.dll+0xaca8c]
V  [jvm.dll+0x2af07f]
V  [jvm.dll+0x585037]
V  [jvm.dll+0x222bb2]
V  [jvm.dll+0x21bc52]
V  [jvm.dll+0x219511]
V  [jvm.dll+0x1a56cd]
V  [jvm.dll+0x2293ee]
V  [jvm.dll+0x2275bc]
V  [jvm.dll+0x7e95a7]
V  [jvm.dll+0x7e396a]
V  [jvm.dll+0x67ba35]
C  [ucrtbase.dll+0x21542]
C  [KERNEL32.DLL+0x16fd4]
C  [ntdll.dll+0x4cf31]


---------------  P R O C E S S  ---------------

Threads class SMR info:
_java_thread_list=0x000001ae6eb33b20, length=14, elements={
0x000001ae4e7ac5d0, 0x000001ae6e788580, 0x000001ae6e789400, 0x000001ae6e7a25c0,
0x000001ae6e7a4ea0, 0x000001ae6e7a6870, 0x000001ae6e7a8240, 0x000001ae6e7acaf0,
0x000001ae6e7b55b0, 0x000001ae6e7b8ba0, 0x000001ae6e7796d0, 0x000001ae6ea8b0f0,
0x000001ae6ea8b5d0, 0x000001ae6eabdd50
}

Java Threads: ( => current thread )
  0x000001ae4e7ac5d0 JavaThread "main" [_thread_in_vm, id=15228, stack(0x0000001dc8000000,0x0000001dc8100000)]
  0x000001ae6e788580 JavaThread "Reference Handler" daemon [_thread_blocked, id=15548, stack(0x0000001dc8700000,0x0000001dc8800000)]
  0x000001ae6e789400 JavaThread "Finalizer" daemon [_thread_blocked, id=6012, stack(0x0000001dc8800000,0x0000001dc8900000)]
  0x000001ae6e7a25c0 JavaThread "Signal Dispatcher" daemon [_thread_blocked, id=18592, stack(0x0000001dc8900000,0x0000001dc8a00000)]
  0x000001ae6e7a4ea0 JavaThread "Attach Listener" daemon [_thread_blocked, id=18964, stack(0x0000001dc8a00000,0x0000001dc8b00000)]
  0x000001ae6e7a6870 JavaThread "Service Thread" daemon [_thread_blocked, id=10708, stack(0x0000001dc8b00000,0x0000001dc8c00000)]
  0x000001ae6e7a8240 JavaThread "Monitor Deflation Thread" daemon [_thread_blocked, id=21536, stack(0x0000001dc8c00000,0x0000001dc8d00000)]
=>0x000001ae6e7acaf0 JavaThread "C2 CompilerThread0" daemon [_thread_in_native, id=12036, stack(0x0000001dc8d00000,0x0000001dc8e00000)]
  0x000001ae6e7b55b0 JavaThread "C1 CompilerThread0" daemon [_thread_blocked, id=9404, stack(0x0000001dc8e00000,0x0000001dc8f00000)]
  0x000001ae6e7b8ba0 JavaThread "Sweeper thread" daemon [_thread_blocked, id=20016, stack(0x0000001dc8f00000,0x0000001dc9000000)]
  0x000001ae6e7796d0 JavaThread "Common-Cleaner" daemon [_thread_blocked, id=876, stack(0x0000001dc9000000,0x0000001dc9100000)]
  0x000001ae6ea8b0f0 JavaThread "Monitor Ctrl-Break" daemon [_thread_in_native, id=22596, stack(0x0000001dc9100000,0x0000001dc9200000)]
  0x000001ae6ea8b5d0 JavaThread "Notification Thread" daemon [_thread_blocked, id=19944, stack(0x0000001dc9200000,0x0000001dc9300000)]
  0x000001ae6eabdd50 JavaThread "C2 CompilerThread1" daemon [_thread_in_native, id=1436, stack(0x0000001dc9400000,0x0000001dc9500000)]

Other Threads:
  0x000001ae6e785980 VMThread "VM Thread" [stack: 0x0000001dc8600000,0x0000001dc8700000] [id=17080] _threads_hazard_ptr=0x000001ae6eb33b20
  0x000001ae4e7ad3a0 WatcherThread [stack: 0x0000001dc9300000,0x0000001dc9400000] [id=13908]
  0x000001ae4e8025e0 GCTaskThread "GC Thread#0" [stack: 0x0000001dc8100000,0x0000001dc8200000] [id=6332]
  0x000001ae73082e70 GCTaskThread "GC Thread#1" [stack: 0x0000001dc9500000,0x0000001dc9600000] [id=1968]
  0x000001ae73257140 GCTaskThread "GC Thread#2" [stack: 0x0000001dc9600000,0x0000001dc9700000] [id=1728]
  0x000001ae73257400 GCTaskThread "GC Thread#3" [stack: 0x0000001dc9700000,0x0000001dc9800000] [id=17544]
  0x000001ae4e80c280 ConcurrentGCThread "G1 Main Marker" [stack: 0x0000001dc8200000,0x0000001dc8300000] [id=11780]
  0x000001ae4e80cca0 ConcurrentGCThread "G1 Conc#0" [stack: 0x0000001dc8300000,0x0000001dc8400000] [id=12840]
  0x000001ae4e84a8d0 ConcurrentGCThread "G1 Refine#0" [stack: 0x0000001dc8400000,0x0000001dc8500000] [id=18368]
  0x000001ae4e84b300 ConcurrentGCThread "G1 Service" [stack: 0x0000001dc8500000,0x0000001dc8600000] [id=20852]

Threads with active compile tasks:
C2 CompilerThread0     4676 2128       4       java.lang.invoke.MethodType::makeImpl (109 bytes)
C2 CompilerThread1     4676 2117   !   4       jdk.internal.loader.BuiltinClassLoader::loadClassOrNull (143 bytes)

VM state: synchronizing (normal execution)

VM Mutex/Monitor currently owned by a thread:  ([mutex/lock_event])
[0x000001ae4e7a5460] Metaspace_lock - owner thread: 0x000001ae4e7ac5d0
[0x000001ae4e7a7670] Threads_lock - owner thread: 0x000001ae6e785980

Heap address: 0x0000000743800000, size: 3016 MB, Compressed Oops mode: Zero based, Oop shift amount: 3

CDS archive(s) mapped at: [0x000001ae00000000-0x000001ae00ba0000-0x000001ae00ba0000), size 12189696, SharedBaseAddress: 0x000001ae00000000, ArchiveRelocationMode: 1.
Compressed class space mapped at: 0x000001ae01000000-0x000001ae41000000, reserved size: 1073741824
Narrow klass base: 0x000001ae00000000, Narrow klass shift: 0, Narrow klass range: 0x100000000

GC Precious Log:
 CPUs: 4 total, 4 available
 Memory: 12058M
 Large Page Support: Disabled
 NUMA Support: Disabled
 Compressed Oops: Enabled (Zero based)
 Heap Region Size: 2M
 Heap Min Capacity: 8M
 Heap Initial Capacity: 190M
 Heap Max Capacity: 3016M
 Pre-touch: Disabled
 Parallel Workers: 4
 Concurrent Workers: 1
 Concurrent Refinement Workers: 4
 Periodic GC: Disabled

Heap:
 garbage-first heap   total 194560K, used 49225K [0x0000000743800000, 0x0000000800000000)
  region size 2048K, 23 young (47104K), 2 survivors (4096K)
 Metaspace       used 19572K, committed 19776K, reserved 1114112K
  class space    used 2739K, committed 2880K, reserved 1048576K

Heap Regions: E=young(eden), S=young(survivor), O=old, HS=humongous(starts), HC=humongous(continues), CS=collection set, F=free, OA=open archive, CA=closed archive, TAMS=top-at-mark-start (previous, next)
|   0|0x0000000743800000, 0x0000000743a00000, 0x0000000743a00000|100%| O|  |TAMS 0x0000000743800000, 0x0000000743800000| Untracked 
|   1|0x0000000743a00000, 0x0000000743c00000, 0x0000000743c00000|100%| O|  |TAMS 0x0000000743a00000, 0x0000000743a00000| Untracked 
|   2|0x0000000743c00000, 0x0000000743d5a600, 0x0000000743e00000| 67%| O|  |TAMS 0x0000000743c00000, 0x0000000743c00000| Untracked 
|   3|0x0000000743e00000, 0x0000000743e00000, 0x0000000744000000|  0%| F|  |TAMS 0x0000000743e00000, 0x0000000743e00000| Untracked 
|   4|0x0000000744000000, 0x0000000744000000, 0x0000000744200000|  0%| F|  |TAMS 0x0000000744000000, 0x0000000744000000| Untracked 
|   5|0x0000000744200000, 0x0000000744200000, 0x0000000744400000|  0%| F|  |TAMS 0x0000000744200000, 0x0000000744200000| Untracked 
|   6|0x0000000744400000, 0x0000000744400000, 0x0000000744600000|  0%| F|  |TAMS 0x0000000744400000, 0x0000000744400000| Untracked 
|   7|0x0000000744600000, 0x0000000744600000, 0x0000000744800000|  0%| F|  |TAMS 0x0000000744600000, 0x0000000744600000| Untracked 
|   8|0x0000000744800000, 0x0000000744800000, 0x0000000744a00000|  0%| F|  |TAMS 0x0000000744800000, 0x0000000744800000| Untracked 
|   9|0x0000000744a00000, 0x0000000744a00000, 0x0000000744c00000|  0%| F|  |TAMS 0x0000000744a00000, 0x0000000744a00000| Untracked 
|  10|0x0000000744c00000, 0x0000000744c00000, 0x0000000744e00000|  0%| F|  |TAMS 0x0000000744c00000, 0x0000000744c00000| Untracked 
|  11|0x0000000744e00000, 0x0000000744e00000, 0x0000000745000000|  0%| F|  |TAMS 0x0000000744e00000, 0x0000000744e00000| Untracked 
|  12|0x0000000745000000, 0x0000000745000000, 0x0000000745200000|  0%| F|  |TAMS 0x0000000745000000, 0x0000000745000000| Untracked 
|  13|0x0000000745200000, 0x0000000745200000, 0x0000000745400000|  0%| F|  |TAMS 0x0000000745200000, 0x0000000745200000| Untracked 
|  14|0x0000000745400000, 0x0000000745400000, 0x0000000745600000|  0%| F|  |TAMS 0x0000000745400000, 0x0000000745400000| Untracked 
|  15|0x0000000745600000, 0x0000000745600000, 0x0000000745800000|  0%| F|  |TAMS 0x0000000745600000, 0x0000000745600000| Untracked 
|  16|0x0000000745800000, 0x0000000745800000, 0x0000000745a00000|  0%| F|  |TAMS 0x0000000745800000, 0x0000000745800000| Untracked 
|  17|0x0000000745a00000, 0x0000000745a00000, 0x0000000745c00000|  0%| F|  |TAMS 0x0000000745a00000, 0x0000000745a00000| Untracked 
|  18|0x0000000745c00000, 0x0000000745c00000, 0x0000000745e00000|  0%| F|  |TAMS 0x0000000745c00000, 0x0000000745c00000| Untracked 
|  19|0x0000000745e00000, 0x0000000745e00000, 0x0000000746000000|  0%| F|  |TAMS 0x0000000745e00000, 0x0000000745e00000| Untracked 
|  20|0x0000000746000000, 0x0000000746000000, 0x0000000746200000|  0%| F|  |TAMS 0x0000000746000000, 0x0000000746000000| Untracked 
|  21|0x0000000746200000, 0x0000000746200000, 0x0000000746400000|  0%| F|  |TAMS 0x0000000746200000, 0x0000000746200000| Untracked 
|  22|0x0000000746400000, 0x0000000746400000, 0x0000000746600000|  0%| F|  |TAMS 0x0000000746400000, 0x0000000746400000| Untracked 
|  23|0x0000000746600000, 0x0000000746600000, 0x0000000746800000|  0%| F|  |TAMS 0x0000000746600000, 0x0000000746600000| Untracked 
|  24|0x0000000746800000, 0x0000000746800000, 0x0000000746a00000|  0%| F|  |TAMS 0x0000000746800000, 0x0000000746800000| Untracked 
|  25|0x0000000746a00000, 0x0000000746a00000, 0x0000000746c00000|  0%| F|  |TAMS 0x0000000746a00000, 0x0000000746a00000| Untracked 
|  26|0x0000000746c00000, 0x0000000746c00000, 0x0000000746e00000|  0%| F|  |TAMS 0x0000000746c00000, 0x0000000746c00000| Untracked 
|  27|0x0000000746e00000, 0x0000000746e00000, 0x0000000747000000|  0%| F|  |TAMS 0x0000000746e00000, 0x0000000746e00000| Untracked 
|  28|0x0000000747000000, 0x0000000747000000, 0x0000000747200000|  0%| F|  |TAMS 0x0000000747000000, 0x0000000747000000| Untracked 
|  29|0x0000000747200000, 0x0000000747200000, 0x0000000747400000|  0%| F|  |TAMS 0x0000000747200000, 0x0000000747200000| Untracked 
|  30|0x0000000747400000, 0x0000000747400000, 0x0000000747600000|  0%| F|  |TAMS 0x0000000747400000, 0x0000000747400000| Untracked 
|  31|0x0000000747600000, 0x0000000747600000, 0x0000000747800000|  0%| F|  |TAMS 0x0000000747600000, 0x0000000747600000| Untracked 
|  32|0x0000000747800000, 0x0000000747800000, 0x0000000747a00000|  0%| F|  |TAMS 0x0000000747800000, 0x0000000747800000| Untracked 
|  33|0x0000000747a00000, 0x0000000747a00000, 0x0000000747c00000|  0%| F|  |TAMS 0x0000000747a00000, 0x0000000747a00000| Untracked 
|  34|0x0000000747c00000, 0x0000000747c00000, 0x0000000747e00000|  0%| F|  |TAMS 0x0000000747c00000, 0x0000000747c00000| Untracked 
|  35|0x0000000747e00000, 0x0000000747e00000, 0x0000000748000000|  0%| F|  |TAMS 0x0000000747e00000, 0x0000000747e00000| Untracked 
|  36|0x0000000748000000, 0x0000000748000000, 0x0000000748200000|  0%| F|  |TAMS 0x0000000748000000, 0x0000000748000000| Untracked 
|  37|0x0000000748200000, 0x0000000748200000, 0x0000000748400000|  0%| F|  |TAMS 0x0000000748200000, 0x0000000748200000| Untracked 
|  38|0x0000000748400000, 0x0000000748400000, 0x0000000748600000|  0%| F|  |TAMS 0x0000000748400000, 0x0000000748400000| Untracked 
|  39|0x0000000748600000, 0x0000000748600000, 0x0000000748800000|  0%| F|  |TAMS 0x0000000748600000, 0x0000000748600000| Untracked 
|  40|0x0000000748800000, 0x0000000748800000, 0x0000000748a00000|  0%| F|  |TAMS 0x0000000748800000, 0x0000000748800000| Untracked 
|  41|0x0000000748a00000, 0x0000000748a00000, 0x0000000748c00000|  0%| F|  |TAMS 0x0000000748a00000, 0x0000000748a00000| Untracked 
|  42|0x0000000748c00000, 0x0000000748c00000, 0x0000000748e00000|  0%| F|  |TAMS 0x0000000748c00000, 0x0000000748c00000| Untracked 
|  43|0x0000000748e00000, 0x0000000748e00000, 0x0000000749000000|  0%| F|  |TAMS 0x0000000748e00000, 0x0000000748e00000| Untracked 
|  44|0x0000000749000000, 0x0000000749000000, 0x0000000749200000|  0%| F|  |TAMS 0x0000000749000000, 0x0000000749000000| Untracked 
|  45|0x0000000749200000, 0x0000000749200000, 0x0000000749400000|  0%| F|  |TAMS 0x0000000749200000, 0x0000000749200000| Untracked 
|  46|0x0000000749400000, 0x0000000749400000, 0x0000000749600000|  0%| F|  |TAMS 0x0000000749400000, 0x0000000749400000| Untracked 
|  47|0x0000000749600000, 0x0000000749600000, 0x0000000749800000|  0%| F|  |TAMS 0x0000000749600000, 0x0000000749600000| Untracked 
|  48|0x0000000749800000, 0x0000000749800000, 0x0000000749a00000|  0%| F|  |TAMS 0x0000000749800000, 0x0000000749800000| Untracked 
|  49|0x0000000749a00000, 0x0000000749a00000, 0x0000000749c00000|  0%| F|  |TAMS 0x0000000749a00000, 0x0000000749a00000| Untracked 
|  50|0x0000000749c00000, 0x0000000749c00000, 0x0000000749e00000|  0%| F|  |TAMS 0x0000000749c00000, 0x0000000749c00000| Untracked 
|  51|0x0000000749e00000, 0x0000000749e00000, 0x000000074a000000|  0%| F|  |TAMS 0x0000000749e00000, 0x0000000749e00000| Untracked 
|  52|0x000000074a000000, 0x000000074a000000, 0x000000074a200000|  0%| F|  |TAMS 0x000000074a000000, 0x000000074a000000| Untracked 
|  53|0x000000074a200000, 0x000000074a200000, 0x000000074a400000|  0%| F|  |TAMS 0x000000074a200000, 0x000000074a200000| Untracked 
|  54|0x000000074a400000, 0x000000074a400000, 0x000000074a600000|  0%| F|  |TAMS 0x000000074a400000, 0x000000074a400000| Untracked 
|  55|0x000000074a600000, 0x000000074a600000, 0x000000074a800000|  0%| F|  |TAMS 0x000000074a600000, 0x000000074a600000| Untracked 
|  56|0x000000074a800000, 0x000000074a800000, 0x000000074aa00000|  0%| F|  |TAMS 0x000000074a800000, 0x000000074a800000| Untracked 
|  57|0x000000074aa00000, 0x000000074aa00000, 0x000000074ac00000|  0%| F|  |TAMS 0x000000074aa00000, 0x000000074aa00000| Untracked 
|  58|0x000000074ac00000, 0x000000074ac00000, 0x000000074ae00000|  0%| F|  |TAMS 0x000000074ac00000, 0x000000074ac00000| Untracked 
|  59|0x000000074ae00000, 0x000000074ae00000, 0x000000074b000000|  0%| F|  |TAMS 0x000000074ae00000, 0x000000074ae00000| Untracked 
|  60|0x000000074b000000, 0x000000074b000000, 0x000000074b200000|  0%| F|  |TAMS 0x000000074b000000, 0x000000074b000000| Untracked 
|  61|0x000000074b200000, 0x000000074b200000, 0x000000074b400000|  0%| F|  |TAMS 0x000000074b200000, 0x000000074b200000| Untracked 
|  62|0x000000074b400000, 0x000000074b400000, 0x000000074b600000|  0%| F|  |TAMS 0x000000074b400000, 0x000000074b400000| Untracked 
|  63|0x000000074b600000, 0x000000074b600000, 0x000000074b800000|  0%| F|  |TAMS 0x000000074b600000, 0x000000074b600000| Untracked 
|  64|0x000000074b800000, 0x000000074b800000, 0x000000074ba00000|  0%| F|  |TAMS 0x000000074b800000, 0x000000074b800000| Untracked 
|  65|0x000000074ba00000, 0x000000074ba00000, 0x000000074bc00000|  0%| F|  |TAMS 0x000000074ba00000, 0x000000074ba00000| Untracked 
|  66|0x000000074bc00000, 0x000000074bc00000, 0x000000074be00000|  0%| F|  |TAMS 0x000000074bc00000, 0x000000074bc00000| Untracked 
|  67|0x000000074be00000, 0x000000074be00000, 0x000000074c000000|  0%| F|  |TAMS 0x000000074be00000, 0x000000074be00000| Untracked 
|  68|0x000000074c000000, 0x000000074c000000, 0x000000074c200000|  0%| F|  |TAMS 0x000000074c000000, 0x000000074c000000| Untracked 
|  69|0x000000074c200000, 0x000000074c200000, 0x000000074c400000|  0%| F|  |TAMS 0x000000074c200000, 0x000000074c200000| Untracked 
|  70|0x000000074c400000, 0x000000074c400000, 0x000000074c600000|  0%| F|  |TAMS 0x000000074c400000, 0x000000074c400000| Untracked 
|  71|0x000000074c600000, 0x000000074c600000, 0x000000074c800000|  0%| F|  |TAMS 0x000000074c600000, 0x000000074c600000| Untracked 
|  72|0x000000074c800000, 0x000000074ca00000, 0x000000074ca00000|100%| E|  |TAMS 0x000000074c800000, 0x000000074c800000| Complete 
|  73|0x000000074ca00000, 0x000000074cc00000, 0x000000074cc00000|100%| E|CS|TAMS 0x000000074ca00000, 0x000000074ca00000| Complete 
|  74|0x000000074cc00000, 0x000000074ce00000, 0x000000074ce00000|100%| E|CS|TAMS 0x000000074cc00000, 0x000000074cc00000| Complete 
|  75|0x000000074ce00000, 0x000000074d000000, 0x000000074d000000|100%| E|CS|TAMS 0x000000074ce00000, 0x000000074ce00000| Complete 
|  76|0x000000074d000000, 0x000000074d200000, 0x000000074d200000|100%| E|CS|TAMS 0x000000074d000000, 0x000000074d000000| Complete 
|  77|0x000000074d200000, 0x000000074d400000, 0x000000074d400000|100%| E|CS|TAMS 0x000000074d200000, 0x000000074d200000| Complete 
|  78|0x000000074d400000, 0x000000074d600000, 0x000000074d600000|100%| E|CS|TAMS 0x000000074d400000, 0x000000074d400000| Complete 
|  79|0x000000074d600000, 0x000000074d800000, 0x000000074d800000|100%| E|CS|TAMS 0x000000074d600000, 0x000000074d600000| Complete 
|  80|0x000000074d800000, 0x000000074d8b8150, 0x000000074da00000| 35%| S|CS|TAMS 0x000000074d800000, 0x000000074d800000| Complete 
|  81|0x000000074da00000, 0x000000074dc00000, 0x000000074dc00000|100%| S|CS|TAMS 0x000000074da00000, 0x000000074da00000| Complete 
|  82|0x000000074dc00000, 0x000000074de00000, 0x000000074de00000|100%| E|CS|TAMS 0x000000074dc00000, 0x000000074dc00000| Complete 
|  83|0x000000074de00000, 0x000000074e000000, 0x000000074e000000|100%| E|CS|TAMS 0x000000074de00000, 0x000000074de00000| Complete 
|  84|0x000000074e000000, 0x000000074e200000, 0x000000074e200000|100%| E|CS|TAMS 0x000000074e000000, 0x000000074e000000| Complete 
|  85|0x000000074e200000, 0x000000074e400000, 0x000000074e400000|100%| E|CS|TAMS 0x000000074e200000, 0x000000074e200000| Complete 
|  86|0x000000074e400000, 0x000000074e600000, 0x000000074e600000|100%| E|CS|TAMS 0x000000074e400000, 0x000000074e400000| Complete 
|  87|0x000000074e600000, 0x000000074e800000, 0x000000074e800000|100%| E|CS|TAMS 0x000000074e600000, 0x000000074e600000| Complete 
|  88|0x000000074e800000, 0x000000074ea00000, 0x000000074ea00000|100%| E|CS|TAMS 0x000000074e800000, 0x000000074e800000| Complete 
|  89|0x000000074ea00000, 0x000000074ec00000, 0x000000074ec00000|100%| E|CS|TAMS 0x000000074ea00000, 0x000000074ea00000| Complete 
|  90|0x000000074ec00000, 0x000000074ee00000, 0x000000074ee00000|100%| E|CS|TAMS 0x000000074ec00000, 0x000000074ec00000| Complete 
|  91|0x000000074ee00000, 0x000000074f000000, 0x000000074f000000|100%| E|CS|TAMS 0x000000074ee00000, 0x000000074ee00000| Complete 
|  92|0x000000074f000000, 0x000000074f200000, 0x000000074f200000|100%| E|CS|TAMS 0x000000074f000000, 0x000000074f000000| Complete 
|  93|0x000000074f200000, 0x000000074f400000, 0x000000074f400000|100%| E|CS|TAMS 0x000000074f200000, 0x000000074f200000| Complete 
|  94|0x000000074f400000, 0x000000074f600000, 0x000000074f600000|100%| E|CS|TAMS 0x000000074f400000, 0x000000074f400000| Complete 

Card table byte_map: [0x000001ae658a0000,0x000001ae65e90000] _byte_map_base: 0x000001ae61e84000

Marking Bits (Prev, Next): (CMBitMap*) 0x000001ae4e802c00, (CMBitMap*) 0x000001ae4e802c40
 Prev Bits: [0x000001ae66480000, 0x000001ae693a0000)
 Next Bits: [0x000001ae693a0000, 0x000001ae6c2c0000)

Polling page: 0x000001ae4df60000

Metaspace:

Usage:
  Non-class:     16.44 MB used.
      Class:      2.68 MB used.
       Both:     19.11 MB used.

Virtual space:
  Non-class space:       64.00 MB reserved,      16.50 MB ( 26%) committed,  1 nodes.
      Class space:        1.00 GB reserved,       2.81 MB ( <1%) committed,  1 nodes.
             Both:        1.06 GB reserved,      19.31 MB (  2%) committed. 

Chunk freelists:
   Non-Class:  15.17 MB
       Class:  13.17 MB
        Both:  28.34 MB

MaxMetaspaceSize: unlimited
CompressedClassSpaceSize: 1.00 GB
Initial GC threshold: 21.00 MB
Current GC threshold: 21.00 MB
CDS: on
MetaspaceReclaimPolicy: balanced
 - commit_granule_bytes: 65536.
 - commit_granule_words: 8192.
 - virtual_space_node_default_size: 8388608.
 - enlarge_chunks_in_place: 1.
 - new_chunks_are_fully_committed: 0.
 - uncommit_free_chunks: 1.
 - use_allocation_guard: 0.
 - handle_deallocations: 1.


Internal statistics:

num_allocs_failed_limit: 0.
num_arena_births: 190.
num_arena_deaths: 0.
num_vsnodes_births: 2.
num_vsnodes_deaths: 0.
num_space_committed: 309.
num_space_uncommitted: 0.
num_chunks_returned_to_freelist: 0.
num_chunks_taken_from_freelist: 877.
num_chunk_merges: 0.
num_chunk_splits: 594.
num_chunks_enlarged: 459.
num_inconsistent_stats: 0.

CodeHeap 'non-profiled nmethods': size=120000Kb used=947Kb max_used=947Kb free=119052Kb
 bounds [0x000001ae5dd80000, 0x000001ae5dff0000, 0x000001ae652b0000]
CodeHeap 'profiled nmethods': size=120000Kb used=4231Kb max_used=4231Kb free=115768Kb
 bounds [0x000001ae562b0000, 0x000001ae566e0000, 0x000001ae5d7e0000]
CodeHeap 'non-nmethods': size=5760Kb used=1192Kb max_used=1227Kb free=4567Kb
 bounds [0x000001ae5d7e0000, 0x000001ae5da50000, 0x000001ae5dd80000]
 total_blobs=2642 nmethods=2159 adapters=394
 compilation: enabled
              stopped_count=0, restarted_count=0
 full_count=0

Compilation events (20 events):
Event: 3.616 Thread 0x000001ae6e7b55b0 2134       3       java.util.concurrent.CopyOnWriteArrayList::size (6 bytes)
Event: 3.617 Thread 0x000001ae6e7b55b0 nmethod 2134 0x000001ae566bf410 code [0x000001ae566bf5a0, 0x000001ae566bf6d8]
Event: 3.618 Thread 0x000001ae6e7b55b0 2135       3       java.lang.reflect.Constructor::copy (72 bytes)
Event: 3.618 Thread 0x000001ae6e7b55b0 nmethod 2135 0x000001ae566bf790 code [0x000001ae566bf960, 0x000001ae566bfd58]
Event: 3.618 Thread 0x000001ae6e7b55b0 2136       3       java.lang.System::getProperty (25 bytes)
Event: 3.619 Thread 0x000001ae6e7b55b0 nmethod 2136 0x000001ae566bfe90 code [0x000001ae566c00a0, 0x000001ae566c06b8]
Event: 3.619 Thread 0x000001ae6e7b55b0 2137       3       java.util.LinkedHashMap::<init> (10 bytes)
Event: 3.619 Thread 0x000001ae6e7b55b0 nmethod 2137 0x000001ae566c0910 code [0x000001ae566c0ac0, 0x000001ae566c0cf8]
Event: 3.620 Thread 0x000001ae6e7b55b0 2138       3       com.fasterxml.jackson.databind.module.SimpleModule::_checkNotNull (26 bytes)
Event: 3.621 Thread 0x000001ae6e7b55b0 nmethod 2138 0x000001ae566c0e10 code [0x000001ae566c1080, 0x000001ae566c1bf8]
Event: 3.621 Thread 0x000001ae6e7b55b0 2139       1       com.fasterxml.jackson.databind.type.ClassKey::hashCode (5 bytes)
Event: 3.621 Thread 0x000001ae6e7b55b0 nmethod 2139 0x000001ae5de6c510 code [0x000001ae5de6c6a0, 0x000001ae5de6c778]
Event: 3.634 Thread 0x000001ae6e7b55b0 2140       3       org.springframework.util.ObjectUtils::nullSafeHashCode (183 bytes)
Event: 3.635 Thread 0x000001ae6e7b55b0 nmethod 2140 0x000001ae566c1f90 code [0x000001ae566c22c0, 0x000001ae566c3c28]
Event: 3.640 Thread 0x000001ae6e7b55b0 2141       3       org.springframework.core.annotation.AnnotationTypeMappings::size (10 bytes)
Event: 3.640 Thread 0x000001ae6e7b55b0 nmethod 2141 0x000001ae566c3e90 code [0x000001ae566c4040, 0x000001ae566c4228]
Event: 3.640 Thread 0x000001ae6e7b55b0 2142       3       java.lang.Class::getDeclaredAnnotations (11 bytes)
Event: 3.640 Thread 0x000001ae6e7b55b0 nmethod 2142 0x000001ae566c4310 code [0x000001ae566c44e0, 0x000001ae566c4928]
Event: 3.644 Thread 0x000001ae6e7b55b0 2143       3       java.util.Calendar::internalSet (8 bytes)
Event: 3.644 Thread 0x000001ae6e7b55b0 nmethod 2143 0x000001ae566c4a90 code [0x000001ae566c4c20, 0x000001ae566c4d58]

GC Heap History (6 events):
Event: 0.718 GC heap before
{Heap before GC invocations=0 (full 0):
 garbage-first heap   total 194560K, used 10240K [0x0000000743800000, 0x0000000800000000)
  region size 2048K, 6 young (12288K), 0 survivors (0K)
 Metaspace       used 2565K, committed 2752K, reserved 1114112K
  class space    used 271K, committed 384K, reserved 1048576K
}
Event: 0.725 GC heap after
{Heap after GC invocations=1 (full 0):
 garbage-first heap   total 194560K, used 5466K [0x0000000743800000, 0x0000000800000000)
  region size 2048K, 1 young (2048K), 1 survivors (2048K)
 Metaspace       used 2565K, committed 2752K, reserved 1114112K
  class space    used 271K, committed 384K, reserved 1048576K
}
Event: 1.165 GC heap before
{Heap before GC invocations=1 (full 0):
 garbage-first heap   total 194560K, used 13658K [0x0000000743800000, 0x0000000800000000)
  region size 2048K, 5 young (10240K), 1 survivors (2048K)
 Metaspace       used 4574K, committed 4736K, reserved 1114112K
  class space    used 555K, committed 640K, reserved 1048576K
}
Event: 1.172 GC heap after
{Heap after GC invocations=2 (full 0):
 garbage-first heap   total 194560K, used 6799K [0x0000000743800000, 0x0000000800000000)
  region size 2048K, 1 young (2048K), 1 survivors (2048K)
 Metaspace       used 4574K, committed 4736K, reserved 1114112K
  class space    used 555K, committed 640K, reserved 1048576K
}
Event: 2.038 GC heap before
{Heap before GC invocations=2 (full 0):
 garbage-first heap   total 194560K, used 29327K [0x0000000743800000, 0x0000000800000000)
  region size 2048K, 13 young (26624K), 1 survivors (2048K)
 Metaspace       used 10417K, committed 10624K, reserved 1114112K
  class space    used 1373K, committed 1472K, reserved 1048576K
}
Event: 2.043 GC heap after
{Heap after GC invocations=3 (full 0):
 garbage-first heap   total 194560K, used 8265K [0x0000000743800000, 0x0000000800000000)
  region size 2048K, 2 young (4096K), 2 survivors (4096K)
 Metaspace       used 10417K, committed 10624K, reserved 1114112K
  class space    used 1373K, committed 1472K, reserved 1048576K
}

Dll operation events (10 events):
Event: 0.056 Loaded shared library C:\Users\Алексей\.jdks\corretto-17.0.9\bin\java.dll
Event: 0.080 Loaded shared library C:\Users\Алексей\.jdks\corretto-17.0.9\bin\jsvml.dll
Event: 0.208 Loaded shared library C:\Users\Алексей\.jdks\corretto-17.0.9\bin\zip.dll
Event: 0.212 Loaded shared library C:\Users\Алексей\.jdks\corretto-17.0.9\bin\instrument.dll
Event: 0.220 Loaded shared library C:\Users\Алексей\.jdks\corretto-17.0.9\bin\net.dll
Event: 0.222 Loaded shared library C:\Users\Алексей\.jdks\corretto-17.0.9\bin\nio.dll
Event: 0.231 Loaded shared library C:\Users\Алексей\.jdks\corretto-17.0.9\bin\zip.dll
Event: 0.242 Loaded shared library C:\Program Files\JetBrains\IntelliJ IDEA 2023.2.5\bin\breakgen64.dll
Event: 0.414 Loaded shared library C:\Users\Алексей\.jdks\corretto-17.0.9\bin\jimage.dll
Event: 1.628 Loaded shared library C:\Users\Алексей\.jdks\corretto-17.0.9\bin\verify.dll

Deoptimization events (20 events):
Event: 3.318 Thread 0x000001ae4e7ac5d0 DEOPT PACKING pc=0x000001ae5de3a28c sp=0x0000001dc80fb380
Event: 3.318 Thread 0x000001ae4e7ac5d0 DEOPT UNPACKING pc=0x000001ae5d8369a3 sp=0x0000001dc80fb318 mode 2
Event: 3.321 Thread 0x000001ae4e7ac5d0 Uncommon trap: trap_request=0xffffffde fr.pc=0x000001ae5de3a28c relative=0x000000000000018c
Event: 3.321 Thread 0x000001ae4e7ac5d0 Uncommon trap: reason=class_check action=maybe_recompile pc=0x000001ae5de3a28c method=java.lang.String.equals(Ljava/lang/Object;)Z @ 8 c2
Event: 3.321 Thread 0x000001ae4e7ac5d0 DEOPT PACKING pc=0x000001ae5de3a28c sp=0x0000001dc80fb380
Event: 3.321 Thread 0x000001ae4e7ac5d0 DEOPT UNPACKING pc=0x000001ae5d8369a3 sp=0x0000001dc80fb318 mode 2
Event: 3.440 Thread 0x000001ae4e7ac5d0 DEOPT PACKING pc=0x000001ae56633018 sp=0x0000001dc80fa2f0
Event: 3.440 Thread 0x000001ae4e7ac5d0 DEOPT UNPACKING pc=0x000001ae5d837143 sp=0x0000001dc80f97f8 mode 0
Event: 3.465 Thread 0x000001ae4e7ac5d0 Uncommon trap: trap_request=0xffffff45 fr.pc=0x000001ae5de1a7c0 relative=0x00000000000018e0
Event: 3.465 Thread 0x000001ae4e7ac5d0 Uncommon trap: reason=unstable_if action=reinterpret pc=0x000001ae5de1a7c0 method=jdk.internal.org.objectweb.asm.Frame.execute(IILjdk/internal/org/objectweb/asm/Symbol;Ljdk/internal/org/objectweb/asm/SymbolTable;)V @ 1 c2
Event: 3.465 Thread 0x000001ae4e7ac5d0 DEOPT PACKING pc=0x000001ae5de1a7c0 sp=0x0000001dc80fa5e0
Event: 3.465 Thread 0x000001ae4e7ac5d0 DEOPT UNPACKING pc=0x000001ae5d8369a3 sp=0x0000001dc80fa578 mode 2
Event: 3.480 Thread 0x000001ae4e7ac5d0 Uncommon trap: trap_request=0xffffff45 fr.pc=0x000001ae5de070d4 relative=0x00000000000000d4
Event: 3.480 Thread 0x000001ae4e7ac5d0 Uncommon trap: reason=unstable_if action=reinterpret pc=0x000001ae5de070d4 method=java.lang.String.getBytes([BIB)V @ 5 c2
Event: 3.480 Thread 0x000001ae4e7ac5d0 DEOPT PACKING pc=0x000001ae5de070d4 sp=0x0000001dc80fbae0
Event: 3.480 Thread 0x000001ae4e7ac5d0 DEOPT UNPACKING pc=0x000001ae5d8369a3 sp=0x0000001dc80fbaa8 mode 2
Event: 3.480 Thread 0x000001ae4e7ac5d0 Uncommon trap: trap_request=0xffffff45 fr.pc=0x000001ae5de2e424 relative=0x0000000000000104
Event: 3.480 Thread 0x000001ae4e7ac5d0 Uncommon trap: reason=unstable_if action=reinterpret pc=0x000001ae5de2e424 method=java.lang.StringConcatHelper.prepend(J[BLjava/lang/String;)J @ 13 c2
Event: 3.480 Thread 0x000001ae4e7ac5d0 DEOPT PACKING pc=0x000001ae5de2e424 sp=0x0000001dc80fbac0
Event: 3.480 Thread 0x000001ae4e7ac5d0 DEOPT UNPACKING pc=0x000001ae5d8369a3 sp=0x0000001dc80fba90 mode 2

Classes unloaded (0 events):
No events

Classes redefined (0 events):
No events

Internal exceptions (20 events):
Event: 2.312 Thread 0x000001ae4e7ac5d0 Exception <a 'java/lang/NoSuchMethodError'{0x000000074f1b1430}: 'int java.lang.invoke.DirectMethodHandle$Holder.invokeStaticInit(java.lang.Object, java.lang.Object, java.lang.Object, java.lang.Object)'> (0x000000074f1b1430) 
thrown [s\src\hotspot\share\interpreter\linkResolver.cpp, line 759]
Event: 2.313 Thread 0x000001ae4e7ac5d0 Exception <a 'java/lang/IncompatibleClassChangeError'{0x000000074f1baaa8}: Found class java.lang.Object, but interface was expected> (0x000000074f1baaa8) 
thrown [s\src\hotspot\share\interpreter\linkResolver.cpp, line 826]
Event: 2.313 Thread 0x000001ae4e7ac5d0 Exception <a 'java/lang/NoSuchMethodError'{0x000000074f1bdcc8}: 'void java.lang.invoke.DirectMethodHandle$Holder.invokeStaticInit(java.lang.Object, java.lang.Object)'> (0x000000074f1bdcc8) 
thrown [s\src\hotspot\share\interpreter\linkResolver.cpp, line 759]
Event: 2.432 Thread 0x000001ae4e7ac5d0 Exception <a 'java/lang/ClassNotFoundException'{0x000000074eca2ca0}: java/lang/ClassLoader$ByteBuddyAccessor$dnwVsmdz> (0x000000074eca2ca0) 
thrown [s\src\hotspot\share\classfile\systemDictionary.cpp, line 256]
Event: 2.805 Thread 0x000001ae4e7ac5d0 Exception <a 'java/lang/IncompatibleClassChangeError'{0x000000074e4f6218}: Found class java.lang.Object, but interface was expected> (0x000000074e4f6218) 
thrown [s\src\hotspot\share\interpreter\linkResolver.cpp, line 826]
Event: 2.905 Thread 0x000001ae4e7ac5d0 Exception <a 'java/lang/ClassNotFoundException'{0x000000074e3f2830}: javax/smartcardio/CardPermission> (0x000000074e3f2830) 
thrown [s\src\hotspot\share\classfile\systemDictionary.cpp, line 256]
Event: 2.910 Thread 0x000001ae4e7ac5d0 Exception <a 'java/io/FileNotFoundException'{0x000000074e0027c0}> (0x000000074e0027c0) 
thrown [s\src\hotspot\share\prims\jni.cpp, line 516]
Event: 3.131 Thread 0x000001ae4e7ac5d0 Implicit null exception at 0x000001ae5de40c1e to 0x000001ae5de413f0
Event: 3.132 Thread 0x000001ae4e7ac5d0 Implicit null exception at 0x000001ae5ddbed0f to 0x000001ae5ddbed89
Event: 3.185 Thread 0x000001ae4e7ac5d0 Exception <a 'java/lang/NoSuchMethodError'{0x000000074d645310}: 'int java.lang.invoke.DirectMethodHandle$Holder.invokeStaticInit(java.lang.Object, java.lang.Object, java.lang.Object)'> (0x000000074d645310) 
thrown [s\src\hotspot\share\interpreter\linkResolver.cpp, line 759]
Event: 3.187 Thread 0x000001ae4e7ac5d0 Exception <a 'java/lang/NoSuchMethodError'{0x000000074d652b38}: 'void java.lang.invoke.DirectMethodHandle$Holder.invokeVirtual(java.lang.Object, java.lang.Object, java.lang.Object, java.lang.Object)'> (0x000000074d652b38) 
thrown [s\src\hotspot\share\interpreter\linkResolver.cpp, line 759]
Event: 3.247 Thread 0x000001ae4e7ac5d0 Exception <a 'java/lang/NoSuchMethodError'{0x000000074d403ac8}: 'int java.lang.invoke.DirectMethodHandle$Holder.invokeSpecial(java.lang.Object, java.lang.Object, java.lang.Object, java.lang.Object, java.lang.Object)'> (0x000000074d403ac8) 
thrown [s\src\hotspot\share\interpreter\linkResolver.cpp, line 759]
Event: 3.402 Thread 0x000001ae4e7ac5d0 Exception <a 'java/lang/NoSuchMethodError'{0x000000074d3730a0}: 'org.slf4j.impl.StaticMDCBinder org.slf4j.impl.StaticMDCBinder.getSingleton()'> (0x000000074d3730a0) 
thrown [s\src\hotspot\share\interpreter\linkResolver.cpp, line 759]
Event: 3.462 Thread 0x000001ae4e7ac5d0 Exception <a 'java/lang/NoSuchMethodError'{0x000000074d0d7e18}: 'java.lang.Object java.lang.invoke.DirectMethodHandle$Holder.invokeStaticInit(java.lang.Object, java.lang.Object, java.lang.Object, java.lang.Object, java.lang.Object)'> (0x000000074d0d7e18) 
thrown [s\src\hotspot\share\interpreter\linkResolver.cpp, line 759]
Event: 3.580 Thread 0x000001ae4e7ac5d0 Exception <a 'java/lang/NoSuchMethodError'{0x000000074cfb89f0}: 'long java.lang.invoke.DirectMethodHandle$Holder.invokeSpecial(java.lang.Object, java.lang.Object)'> (0x000000074cfb89f0) 
thrown [s\src\hotspot\share\interpreter\linkResolver.cpp, line 759]
Event: 3.582 Thread 0x000001ae4e7ac5d0 Exception <a 'java/lang/NoSuchMethodError'{0x000000074cfc3d90}: 'long java.lang.invoke.DirectMethodHandle$Holder.invokeStatic(java.lang.Object, java.lang.Object)'> (0x000000074cfc3d90) 
thrown [s\src\hotspot\share\interpreter\linkResolver.cpp, line 759]
Event: 3.583 Thread 0x000001ae4e7ac5d0 Exception <a 'java/lang/NoSuchMethodError'{0x000000074cfc78e0}: 'long java.lang.invoke.DirectMethodHandle$Holder.invokeStaticInit(java.lang.Object, java.lang.Object)'> (0x000000074cfc78e0) 
thrown [s\src\hotspot\share\interpreter\linkResolver.cpp, line 759]
Event: 3.585 Thread 0x000001ae4e7ac5d0 Exception <a 'java/lang/NoSuchMethodError'{0x000000074cfd59d8}: 'long java.lang.invoke.DirectMethodHandle$Holder.invokeInterface(java.lang.Object, java.lang.Object)'> (0x000000074cfd59d8) 
thrown [s\src\hotspot\share\interpreter\linkResolver.cpp, line 759]
Event: 3.586 Thread 0x000001ae4e7ac5d0 Exception <a 'java/lang/IncompatibleClassChangeError'{0x000000074cfd94b8}: Found class java.lang.Object, but interface was expected> (0x000000074cfd94b8) 
thrown [s\src\hotspot\share\interpreter\linkResolver.cpp, line 826]
Event: 3.605 Thread 0x000001ae4e7ac5d0 Exception <a 'java/lang/NoSuchMethodError'{0x000000074cc4d6c8}: 'java.lang.Object java.lang.invoke.DirectMethodHandle$Holder.invokeVirtual(java.lang.Object, java.lang.Object, java.lang.Object, java.lang.Object)'> (0x000000074cc4d6c8) 
thrown [s\src\hotspot\share\interpreter\linkResolver.cpp, line 759]

VM Operations (20 events):
Event: 1.273 Executing VM operation: HandshakeAllThreads
Event: 1.273 Executing VM operation: HandshakeAllThreads done
Event: 1.401 Executing VM operation: HandshakeAllThreads
Event: 1.401 Executing VM operation: HandshakeAllThreads done
Event: 1.693 Executing VM operation: HandshakeAllThreads
Event: 1.693 Executing VM operation: HandshakeAllThreads done
Event: 2.038 Executing VM operation: G1CollectForAllocation
Event: 2.044 Executing VM operation: G1CollectForAllocation done
Event: 2.082 Executing VM operation: HandshakeAllThreads
Event: 2.082 Executing VM operation: HandshakeAllThreads done
Event: 2.687 Executing VM operation: HandshakeAllThreads
Event: 2.687 Executing VM operation: HandshakeAllThreads done
Event: 2.708 Executing VM operation: ICBufferFull
Event: 2.708 Executing VM operation: ICBufferFull done
Event: 2.979 Executing VM operation: HandshakeAllThreads
Event: 2.979 Executing VM operation: HandshakeAllThreads done
Event: 3.183 Executing VM operation: HandshakeAllThreads
Event: 3.183 Executing VM operation: HandshakeAllThreads done
Event: 3.184 Executing VM operation: HandshakeAllThreads
Event: 3.184 Executing VM operation: HandshakeAllThreads done

Events (20 events):
Event: 3.488 loading class com/sun/org/apache/xalan/internal/utils/FeaturePropertyBase$State
Event: 3.488 loading class com/sun/org/apache/xalan/internal/utils/FeaturePropertyBase$State done
Event: 3.488 loading class com/sun/org/apache/xalan/internal/utils/XMLSecurityPropertyManager$Property
Event: 3.488 loading class com/sun/org/apache/xalan/internal/utils/XMLSecurityPropertyManager$Property done
Event: 3.488 loading class jdk/xml/internal/XMLSecurityManager
Event: 3.489 loading class jdk/xml/internal/XMLSecurityManager done
Event: 3.489 loading class jdk/xml/internal/XMLSecurityManager$Limit
Event: 3.489 loading class jdk/xml/internal/XMLSecurityManager$Limit done
Event: 3.489 loading class jdk/xml/internal/XMLSecurityManager$Processor
Event: 3.489 loading class jdk/xml/internal/XMLSecurityManager$Processor done
Event: 3.489 loading class jdk/xml/internal/XMLSecurityManager$NameMap
Event: 3.489 loading class jdk/xml/internal/XMLSecurityManager$NameMap done
Event: 3.490 loading class jdk/xml/internal/JdkProperty
Event: 3.490 loading class jdk/xml/internal/JdkProperty done
Event: 3.522 loading class java/lang/Byte$ByteCache
Event: 3.522 loading class java/lang/Byte$ByteCache done
Event: 3.522 loading class java/lang/Short$ShortCache
Event: 3.522 loading class java/lang/Short$ShortCache done
Event: 3.564 loading class java/util/regex/Pattern$Pos
Event: 3.564 loading class java/util/regex/Pattern$Pos done


Dynamic libraries:
0x00007ff7afc20000 - 0x00007ff7afc2e000 	C:\Users\Алексей\.jdks\corretto-17.0.9\bin\java.exe
0x00007ffe31b30000 - 0x00007ffe31d24000 	C:\WINDOWS\SYSTEM32\ntdll.dll
0x00007ffe301f0000 - 0x00007ffe302ad000 	C:\WINDOWS\System32\KERNEL32.DLL
0x00007ffe2f2d0000 - 0x00007ffe2f597000 	C:\WINDOWS\System32\KERNELBASE.dll
0x00007ffe2f620000 - 0x00007ffe2f720000 	C:\WINDOWS\System32\ucrtbase.dll
0x00007ffe1ed80000 - 0x00007ffe1ed9b000 	C:\Users\Алексей\.jdks\corretto-17.0.9\bin\VCRUNTIME140.dll
0x00007ffe1b1a0000 - 0x00007ffe1b1b7000 	C:\Users\Алексей\.jdks\corretto-17.0.9\bin\jli.dll
0x00007ffe302b0000 - 0x00007ffe30450000 	C:\WINDOWS\System32\USER32.dll
0x00007ffe2e580000 - 0x00007ffe2e81a000 	C:\WINDOWS\WinSxS\amd64_microsoft.windows.common-controls_6595b64144ccf1df_6.0.19041.1_none_b555e41d4684ddec\COMCTL32.dll
0x00007ffe2f800000 - 0x00007ffe2f822000 	C:\WINDOWS\System32\win32u.dll
0x00007ffe30150000 - 0x00007ffe301ee000 	C:\WINDOWS\System32\msvcrt.dll
0x00007ffe30470000 - 0x00007ffe3049a000 	C:\WINDOWS\System32\GDI32.dll
0x00007ffe2f830000 - 0x00007ffe2f93a000 	C:\WINDOWS\System32\gdi32full.dll
0x00007ffe2faf0000 - 0x00007ffe2fb8d000 	C:\WINDOWS\System32\msvcp_win.dll
0x00007ffe30120000 - 0x00007ffe30150000 	C:\WINDOWS\System32\IMM32.DLL
0x00007ffe21710000 - 0x00007ffe2171c000 	C:\Users\Алексей\.jdks\corretto-17.0.9\bin\vcruntime140_1.dll
0x00007ffded490000 - 0x00007ffded51d000 	C:\Users\Алексей\.jdks\corretto-17.0.9\bin\msvcp140.dll
0x00007ffdc4960000 - 0x00007ffdc55c1000 	C:\Users\Алексей\.jdks\corretto-17.0.9\bin\server\jvm.dll
0x00007ffe31940000 - 0x00007ffe319ea000 	C:\WINDOWS\System32\ADVAPI32.dll
0x00007ffe319f0000 - 0x00007ffe31a8b000 	C:\WINDOWS\System32\sechost.dll
0x00007ffe30770000 - 0x00007ffe30893000 	C:\WINDOWS\System32\RPCRT4.dll
0x00007ffe28a20000 - 0x00007ffe28a2a000 	C:\WINDOWS\SYSTEM32\VERSION.dll
0x00007ffe2ef00000 - 0x00007ffe2ef4b000 	C:\WINDOWS\SYSTEM32\POWRPROF.dll
0x00007ffe12f50000 - 0x00007ffe12f59000 	C:\WINDOWS\SYSTEM32\WSOCK32.dll
0x00007ffe30700000 - 0x00007ffe3076b000 	C:\WINDOWS\System32\WS2_32.dll
0x00007ffe214c0000 - 0x00007ffe214e7000 	C:\WINDOWS\SYSTEM32\WINMM.dll
0x00007ffe2e8a0000 - 0x00007ffe2e8b2000 	C:\WINDOWS\SYSTEM32\UMPDC.dll
0x00007ffe2d530000 - 0x00007ffe2d543000 	C:\WINDOWS\SYSTEM32\kernel.appcore.dll
0x00007ffe224c0000 - 0x00007ffe224ca000 	C:\Users\Алексей\.jdks\corretto-17.0.9\bin\jimage.dll
0x00007ffe2ed10000 - 0x00007ffe2eef4000 	C:\WINDOWS\SYSTEM32\DBGHELP.DLL
0x00007ffe2e8c0000 - 0x00007ffe2e8ec000 	C:\WINDOWS\SYSTEM32\dbgcore.DLL
0x00007ffe2f5a0000 - 0x00007ffe2f61f000 	C:\WINDOWS\System32\bcryptPrimitives.dll
0x00007ffe2c6c0000 - 0x00007ffe2c6ce000 	C:\Users\Алексей\.jdks\corretto-17.0.9\bin\instrument.dll
0x00007ffe1afc0000 - 0x00007ffe1afe5000 	C:\Users\Алексей\.jdks\corretto-17.0.9\bin\java.dll
0x00007ffde1420000 - 0x00007ffde14f7000 	C:\Users\Алексей\.jdks\corretto-17.0.9\bin\jsvml.dll
0x00007ffe309e0000 - 0x00007ffe31111000 	C:\WINDOWS\System32\SHELL32.dll
0x00007ffe2cd90000 - 0x00007ffe2d51a000 	C:\WINDOWS\SYSTEM32\windows.storage.dll
0x00007ffe31430000 - 0x00007ffe31784000 	C:\WINDOWS\System32\combase.dll
0x00007ffe2e8f0000 - 0x00007ffe2e91b000 	C:\WINDOWS\SYSTEM32\Wldp.dll
0x00007ffe311c0000 - 0x00007ffe3126e000 	C:\WINDOWS\System32\SHCORE.dll
0x00007ffe31a90000 - 0x00007ffe31ae5000 	C:\WINDOWS\System32\shlwapi.dll
0x00007ffe2f1b0000 - 0x00007ffe2f1cf000 	C:\WINDOWS\SYSTEM32\profapi.dll
0x00007ffe006b0000 - 0x00007ffe006c8000 	C:\Users\Алексей\.jdks\corretto-17.0.9\bin\zip.dll
0x00007ffe1ca70000 - 0x00007ffe1ca89000 	C:\Users\Алексей\.jdks\corretto-17.0.9\bin\net.dll
0x00007ffe237f0000 - 0x00007ffe238f2000 	C:\WINDOWS\SYSTEM32\WINHTTP.dll
0x00007ffe2e3a0000 - 0x00007ffe2e40a000 	C:\WINDOWS\system32\mswsock.dll
0x00007ffe1afa0000 - 0x00007ffe1afb6000 	C:\Users\Алексей\.jdks\corretto-17.0.9\bin\nio.dll
0x00007ffe1eb40000 - 0x00007ffe1eb5a000 	C:\Program Files\JetBrains\IntelliJ IDEA 2023.2.5\bin\breakgen64.dll
0x00007ffe1d130000 - 0x00007ffe1d140000 	C:\Users\Алексей\.jdks\corretto-17.0.9\bin\verify.dll

dbghelp: loaded successfully - version: 4.0.5 - missing functions: none
symbol engine: initialized successfully - sym options: 0x614 - pdb path: .;C:\Users\Алексей\.jdks\corretto-17.0.9\bin;C:\WINDOWS\SYSTEM32;C:\WINDOWS\WinSxS\amd64_microsoft.windows.common-controls_6595b64144ccf1df_6.0.19041.1_none_b555e41d4684ddec;C:\Users\Алексей\.jdks\corretto-17.0.9\bin\server;C:\Program Files\JetBrains\IntelliJ IDEA 2023.2.5\bin

VM Arguments:
jvm_args: -ea -Didea.test.cyclic.buffer.size=1048576 -javaagent:C:\Program Files\JetBrains\IntelliJ IDEA 2023.2.5\lib\idea_rt.jar=51029:C:\Program Files\JetBrains\IntelliJ IDEA 2023.2.5\bin -Dfile.encoding=UTF-8 
java_command: com.intellij.rt.junit.JUnitStarter -ideVersion5 -junit5 com.alexpozdnyakov.spring.rest.controller.MyRestControllerTest,deleteEmployees
java_class_path (initial): C:\Users\Алексей\.m2\repository\org\junit\platform\junit-platform-launcher\1.8.2\junit-platform-launcher-1.8.2.jar;C:\Program Files\JetBrains\IntelliJ IDEA 2023.2.5\lib\idea_rt.jar;C:\Program Files\JetBrains\IntelliJ IDEA 2023.2.5\plugins\junit\lib\junit5-rt.jar;C:\Program Files\JetBrains\IntelliJ IDEA 2023.2.5\plugins\junit\lib\junit-rt.jar;C:\Users\Алексей\IdeaProjects\spring_restapi\target\test-classes;C:\Users\Алексей\IdeaProjects\spring_restapi\target\classes;C:\Users\Алексей\.m2\repository\org\springframework\boot\spring-boot-starter-web\2.6.4\spring-boot-starter-web-2.6.4.jar;C:\Users\Алексей\.m2\repository\org\springframework\boot\spring-boot-starter\2.6.4\spring-boot-starter-2.6.4.jar;C:\Users\Алексей\.m2\repository\org\springframework\boot\spring-boot\2.6.4\spring-boot-2.6.4.jar;C:\Users\Алексей\.m2\repository\org\springframework\boot\spring-boot-autoconfigure\2.6.4\spring-boot-autoconfigure-2.6.4.jar;C:\Users\Алексей\.m2\repository\org\springframework\boot\spring-boot-starter-logging\2.6.4\spring-boot-starter-logging-2.6.4.jar;C:\Users\Алексей\.m2\repository\ch\qos\logback\logback-classic\1.2.10\logback-classic-1.2.10.jar;C:\Users\Алексей\.m2\repository\ch\qos\logback\logback-core\1.2.10\logback-core-1.2.10.jar;C:\Users\Алексей\.m2\repository\org\apache\logging\log4j\log4j-to-slf4j\2.17.1\log4j-to-slf4j-2.17.1.jar;C:\Users\Алексей\.m2\repository\org\apache\logging\log4j\log4j-api\2.17.1\log4j-api-2.17.1.jar;C:\Users\Алексей\.m2\repository\org\slf4j\jul-to-slf4j\1.7.36\jul-to-slf4j-1.7.36.jar;C:\Users\Алексей\.m2\repository\jakarta\annotation\jakarta.annotation-api\1.3.5\jakarta.annotation-api-1.3.5.jar;C:\Users\Алексей\.m2\repository\org\yaml\snakeyaml\1.29\snakeyaml-1.29.jar;C:\Users\Алексей\.m2\repository\org\springframework\boot\spring-boot-starter-json\2.6.4\spring-boot-starter-json-2.6.4.jar;C:\Users\Алексей\.m2\repository\com\fasterxml\jackson\core\jackson-databind\2.13.1\jackson-databind-2.13.1.jar;C:\Users\Алексей\.m2\
Launcher Type: SUN_STANDARD

[Global flags]
     intx CICompilerCount                          = 3                                         {product} {ergonomic}
     uint ConcGCThreads                            = 1                                         {product} {ergonomic}
     uint G1ConcRefinementThreads                  = 4                                         {product} {ergonomic}
   size_t G1HeapRegionSize                         = 2097152                                   {product} {ergonomic}
    uintx GCDrainStackTargetSize                   = 64                                        {product} {ergonomic}
   size_t InitialHeapSize                          = 199229440                                 {product} {ergonomic}
   size_t MarkStackSize                            = 4194304                                   {product} {ergonomic}
   size_t MaxHeapSize                              = 3162505216                                {product} {ergonomic}
   size_t MaxNewSize                               = 1895825408                                {product} {ergonomic}
   size_t MinHeapDeltaBytes                        = 2097152                                   {product} {ergonomic}
   size_t MinHeapSize                              = 8388608                                   {product} {ergonomic}
    uintx NonNMethodCodeHeapSize                   = 5832780                                {pd product} {ergonomic}
    uintx NonProfiledCodeHeapSize                  = 122912730                              {pd product} {ergonomic}
    uintx ProfiledCodeHeapSize                     = 122912730                              {pd product} {ergonomic}
    uintx ReservedCodeCacheSize                    = 251658240                              {pd product} {ergonomic}
     bool SegmentedCodeCache                       = true                                      {product} {ergonomic}
   size_t SoftMaxHeapSize                          = 3162505216                             {manageable} {ergonomic}
     bool UseCompressedClassPointers               = true                           {product lp64_product} {ergonomic}
     bool UseCompressedOops                        = true                           {product lp64_product} {ergonomic}
     bool UseG1GC                                  = true                                      {product} {ergonomic}
     bool UseLargePagesIndividualAllocation        = false                                  {pd product} {ergonomic}

Logging:
Log output configuration:
 #0: stdout all=warning uptime,level,tags
 #1: stderr all=off uptime,level,tags

Environment Variables:
PATH=C:\Program Files\Common Files\Oracle\Java\javapath;C:\Program Files (x86)\Common Files\Intel\Shared Libraries\redist\intel64\compiler;C:\Program Files (x86)\Common Files\Intel\Shared Libraries\redist\ia32\compiler;C:\ProgramData\Oracle\Java\javapath;C:\Program Files (x86)\Intel\iCLS Client\;C:\Program Files\Intel\iCLS Client\;C:\WINDOWS\system32;C:\WINDOWS;C:\WINDOWS\System32\Wbem;C:\WINDOWS\System32\WindowsPowerShell\v1.0\;C:\Program Files (x86)\Windows Live\Shared;C:\Program Files (x86)\Intel\OpenCL SDK\3.0\bin\x86;C:\Program Files (x86)\Intel\OpenCL SDK\3.0\bin\x64;C:\Program Files\Intel\Intel(R) Management Engine Components\DAL;C:\Program Files\Intel\Intel(R) Management Engine Components\IPT;C:\Program Files (x86)\Intel\Intel(R) Management Engine Components\DAL;C:\Program Files (x86)\Intel\Intel(R) Management Engine Components\IPT;C:\WINDOWS\system32;C:\WINDOWS;C:\WINDOWS\System32\Wbem;C:\WINDOWS\System32\WindowsPowerShell\v1.0\;C:\WINDOWS\System32\OpenSSH\;C:\Program Files (x86)\QuickTime\QTSystem\;C:\Program Files\Microsoft SQL Server\Client SDK\ODBC\170\Tools\Binn\;C:\Program Files (x86)\Microsoft SQL Server\150\Tools\Binn\;C:\Program Files\Microsoft SQL Server\150\Tools\Binn\;C:\Program Files\Microsoft SQL Server\150\DTS\Binn\;C:\Program Files (x86)\Windows Kits\8.1\Windows Performance Toolkit\;C:\Program Files\Git\cmd;C:\Program Files\MySQL\MySQL Shell 8.0\bin\;C:\Users\Алексей\AppData\Local\Microsoft\WindowsApps;C:\Program Files\JetBrains\IntelliJ IDEA Community Edition 2022.2.2\bin;;C:\Users\Алексей\AppData\Local\GitHubDesktop\bin
USERNAME=Алексей
OS=Windows_NT
PROCESSOR_IDENTIFIER=Intel64 Family 6 Model 69 Stepping 1, GenuineIntel
TMP=C:\Users\CD86~1\AppData\Local\Temp
TEMP=C:\Users\CD86~1\AppData\Local\Temp



Periodic native trim disabled


---------------  S Y S T E M  ---------------

OS:
 Windows 10 , 64 bit Build 19041 (10.0.19041.1)
OS uptime: 5 days 8:54 hours

CPU: total 4 (initial active 4) (2 cores per cpu, 2 threads per core) family 6 model 69 stepping 1 microcode 0x25, cx8, cmov, fxsr, ht, mmx, sse, sse2, sse3, ssse3, sse4.1, sse4.2, popcnt, lzcnt, tsc, tscinvbit, avx, avx2, aes, erms, clmul, bmi1, bmi2, fma, vzeroupper, clflush
Processor Information for all 4 processors :
  Max Mhz: 2401, Current Mhz: 2401, Mhz Limit: 2401

Memory: 4k page, system-wide physical 12058M (2050M free)
TotalPageFile size 20058M (AvailPageFile size 257M)
current process WorkingSet (physical memory assigned to process): 141M, peak: 141M
current process commit charge ("private bytes"): 321M, peak: 321M

vm_info: OpenJDK 64-Bit Server VM (17.0.9+8-LTS) for windows-amd64 JRE (17.0.9+8-LTS), built on Oct 12 2023 16:15:33 by "Administrator" with MS VC++ 16.10 / 16.11 (VS2019)

END.
